<?xml version="1.0" encoding="UTF-8"?>
<!-- Generated by org.testng.reporters.JUnitReportReporter -->
<testsuite hostname="LTIN226787" failures="0" tests="1" name="TestCase.TC01_Home" time="17.956" errors="0" timestamp="2024-02-08T22:38:17 IST" skipped="0">
  <testcase classname="TestCase.TC01_Home" name="Home" time="17.956"/>
  <system-out/>
</testsuite> <!-- TestCase.TC01_Home -->
