<?xml version="1.0" encoding="UTF-8"?>
<!-- Generated by org.testng.reporters.JUnitReportReporter -->
<testsuite hostname="LTIN226787" failures="0" tests="1" name="TestCase.TC02_SecondPAge" time="4.172" errors="0" timestamp="2024-02-08T22:43:50 IST" skipped="0">
  <testcase classname="TestCase.TC02_SecondPAge" name="secondPagee" time="4.172"/>
</testsuite> <!-- TestCase.TC02_SecondPAge -->
